d:\programs\architecture\griffiths.phillips\final project\debug\vc141.pdb
d:\programs\architecture\griffiths.phillips\final project\debug\vc141.idb
d:\programs\architecture\griffiths.phillips\final project\debug\animation.obj
d:\programs\architecture\griffiths.phillips\final project\debug\audio.obj
d:\programs\architecture\griffiths.phillips\final project\debug\enemy.obj
d:\programs\architecture\griffiths.phillips\final project\debug\enemymanager.obj
d:\programs\architecture\griffiths.phillips\final project\debug\game.obj
d:\programs\architecture\griffiths.phillips\final project\debug\graphicsbuffermanager.obj
d:\programs\architecture\griffiths.phillips\final project\debug\inputtranslator.obj
d:\programs\architecture\griffiths.phillips\final project\debug\level.obj
d:\programs\architecture\griffiths.phillips\final project\debug\levelmanager.obj
d:\programs\architecture\griffiths.phillips\final project\debug\main.obj
d:\programs\architecture\griffiths.phillips\final project\debug\player.obj
d:\programs\architecture\griffiths.phillips\final project\debug\playermanager.obj
d:\programs\architecture\griffiths.phillips\final project\debug\square.obj
d:\programs\architecture\griffiths.phillips\final project\debug\unit.obj
d:\programs\architecture\griffiths.phillips\final project\debug\unitmanager.obj
d:\programs\architecture\griffiths.phillips\final project\debug\midterm.tlog\cl.command.1.tlog
d:\programs\architecture\griffiths.phillips\final project\debug\midterm.tlog\cl.read.1.tlog
d:\programs\architecture\griffiths.phillips\final project\debug\midterm.tlog\cl.write.1.tlog
d:\programs\architecture\griffiths.phillips\final project\debug\midterm.tlog\link.command.1.tlog
d:\programs\architecture\griffiths.phillips\final project\debug\midterm.tlog\link.read.1.tlog
d:\programs\architecture\griffiths.phillips\final project\debug\midterm.tlog\link.write.1.tlog
