d:\programs\architecture\griffiths.phillips\final project\graphicslib2\debug\graphicslib2.pdb
d:\programs\architecture\griffiths.phillips\final project\graphicslib2\debug\graphicslib2.idb
d:\programs\architecture\griffiths.phillips\final project\graphicslib2\debug\buttonmanager.obj
d:\programs\architecture\griffiths.phillips\final project\graphicslib2\debug\buttons.obj
d:\programs\architecture\griffiths.phillips\final project\graphicslib2\debug\color.obj
d:\programs\architecture\griffiths.phillips\final project\graphicslib2\debug\event.obj
d:\programs\architecture\griffiths.phillips\final project\graphicslib2\debug\eventlistener.obj
d:\programs\architecture\griffiths.phillips\final project\graphicslib2\debug\eventsystem.obj
d:\programs\architecture\griffiths.phillips\final project\graphicslib2\debug\font.obj
d:\programs\architecture\griffiths.phillips\final project\graphicslib2\debug\graphicsbuffer.obj
d:\programs\architecture\griffiths.phillips\final project\graphicslib2\debug\graphicssystem.obj
d:\programs\architecture\griffiths.phillips\final project\graphicslib2\debug\inputsystem.obj
d:\programs\architecture\griffiths.phillips\final project\graphicslib2\debug\source.obj
d:\programs\architecture\griffiths.phillips\final project\graphicslib2\debug\sprite.obj
d:\programs\architecture\griffiths.phillips\final project\graphicslib2\debug\system.obj
d:\programs\architecture\griffiths.phillips\final project\graphicslib2\debug\graphicslib2.lib
d:\programs\architecture\griffiths.phillips\final project\graphicslib2\.\debug\graphicslib2.lib
d:\programs\architecture\griffiths.phillips\final project\graphicslib2\debug\graphicslib2.tlog\cl.command.1.tlog
d:\programs\architecture\griffiths.phillips\final project\graphicslib2\debug\graphicslib2.tlog\cl.read.1.tlog
d:\programs\architecture\griffiths.phillips\final project\graphicslib2\debug\graphicslib2.tlog\cl.write.1.tlog
d:\programs\architecture\griffiths.phillips\final project\graphicslib2\debug\graphicslib2.tlog\lib-link.read.1.tlog
d:\programs\architecture\griffiths.phillips\final project\graphicslib2\debug\graphicslib2.tlog\lib-link.write.1.tlog
d:\programs\architecture\griffiths.phillips\final project\graphicslib2\debug\graphicslib2.tlog\lib.command.1.tlog
